Week02/DBTest02_sample/app/build/intermediates/manifest_merge_blame_file/debug/manifest-merger-blame-debug-report.txt
1<?xml version="1.0" encoding="utf-8"?>
2<manifest xmlns:android="http://schemas.android.com/apk/res/android"
3    package="mobile.database.dbtest03"
4    android:versionCode="1"
5    android:versionName="1.0" >
6
7    <uses-sdk
8        android:minSdkVersion="16"
8-->src\main\AndroidManifest.xml
9        android:targetSdkVersion="26" />
9-->src\main\AndroidManifest.xml
10
11    <application
11-->src\main\AndroidManifest.xml:7:5-33:19
12        android:allowBackup="false"
12-->src\main\AndroidManifest.xml:8:9-36
13        android:appComponentFactory="androidx.core.app.CoreComponentFactory"
13-->[androidx.core:core:1.3.0] AndroidManifest.xml:24:18-86
14        android:debuggable="true"
15        android:icon="@drawable/ic_launcher"
15-->src\main\AndroidManifest.xml:9:9-45
16        android:label="@string/app_name"
16-->src\main\AndroidManifest.xml:10:9-41
17        android:testOnly="true"
18        android:theme="@style/AppTheme" >
18-->src\main\AndroidManifest.xml:11:9-40
19        <activity
19-->src\main\AndroidManifest.xml:13:9-21:20
20            android:name="mobile.database.dbtest02.MainActivity"
20-->src\main\AndroidManifest.xml:14:13-41
21            android:label="@string/app_name" >
21-->src\main\AndroidManifest.xml:15:13-45
22            <intent-filter>
22-->src\main\AndroidManifest.xml:16:13-20:29
23                <action android:name="android.intent.action.MAIN" />
23-->src\main\AndroidManifest.xml:17:17-69
23-->src\main\AndroidManifest.xml:17:25-66
24
25                <category android:name="android.intent.category.LAUNCHER" />
25-->src\main\AndroidManifest.xml:19:17-77
25-->src\main\AndroidManifest.xml:19:27-74
26            </intent-filter>
27        </activity>
28        <activity
28-->src\main\AndroidManifest.xml:23:9-25:78
29            android:name="mobile.database.dbtest02.InsertContactActivity"
29-->src\main\AndroidManifest.xml:24:13-50
30            android:label="@string/title_activity_insert_contact" />
30-->src\main\AndroidManifest.xml:25:13-66
31        <activity
31-->src\main\AndroidManifest.xml:26:9-28:78
32            android:name="mobile.database.dbtest02.SearchContactActivity"
32-->src\main\AndroidManifest.xml:27:13-50
33            android:label="@string/title_activity_search_contact" />
33-->src\main\AndroidManifest.xml:28:13-66
34        <activity
34-->src\main\AndroidManifest.xml:29:9-31:76
35            android:name="mobile.database.dbtest02.AllContactsActivity"
35-->src\main\AndroidManifest.xml:30:13-48
36            android:label="@string/title_activity_all_contacts" />
36-->src\main\AndroidManifest.xml:31:13-64
37        <activity android:name="mobile.database.dbtest02.UpdateActivity" />
37-->src\main\AndroidManifest.xml:32:9-61
37-->src\main\AndroidManifest.xml:32:19-49
38    </application>
39
40</manifest>